subway_project_watch/build/intermediates/manifest_merge_blame_file/debug/processDebugMainManifest/manifest-merger-blame-debug-report.txt
1<?xml version="1.0" encoding="utf-8"?>
2<manifest xmlns:android="http://schemas.android.com/apk/res/android"
3    package="com.busanit.subway_project_watch"
4    android:versionCode="1"
5    android:versionName="1.0" >
6
7    <uses-sdk
8        android:minSdkVersion="33"
9        android:targetSdkVersion="34" />
10
11    <uses-feature android:name="android.hardware.type.watch" />
11-->src\main\AndroidManifest.xml:5:5-64
11-->src\main\AndroidManifest.xml:5:19-61
12
13    <uses-permission android:name="android.permission.WAKE_LOCK" />
13-->src\main\AndroidManifest.xml:7:5-68
13-->src\main\AndroidManifest.xml:7:22-65
14
15    <queries>
15-->[androidx.wear.tiles:tiles:1.2.0-alpha05] AndroidManifest.xml:7:5-11:15
16        <intent>
16-->[androidx.wear.tiles:tiles:1.2.0-alpha05] AndroidManifest.xml:8:9-10:18
17            <action android:name="androidx.wear.tiles.action.BIND_UPDATE_REQUESTER" />
17-->[androidx.wear.tiles:tiles:1.2.0-alpha05] AndroidManifest.xml:9:13-87
17-->[androidx.wear.tiles:tiles:1.2.0-alpha05] AndroidManifest.xml:9:21-84
18        </intent>
19    </queries>
20
21    <permission
21-->[androidx.core:core:1.13.0] AndroidManifest.xml:22:5-24:47
22        android:name="com.busanit.subway_project_watch.DYNAMIC_RECEIVER_NOT_EXPORTED_PERMISSION"
22-->[androidx.core:core:1.13.0] AndroidManifest.xml:23:9-81
23        android:protectionLevel="signature" />
23-->[androidx.core:core:1.13.0] AndroidManifest.xml:24:9-44
24
25    <uses-permission android:name="com.busanit.subway_project_watch.DYNAMIC_RECEIVER_NOT_EXPORTED_PERMISSION" />
25-->[androidx.core:core:1.13.0] AndroidManifest.xml:26:5-97
25-->[androidx.core:core:1.13.0] AndroidManifest.xml:26:22-94
26
27    <application
27-->src\main\AndroidManifest.xml:9:5-87:19
28        android:allowBackup="true"
28-->src\main\AndroidManifest.xml:10:9-35
29        android:appComponentFactory="androidx.core.app.CoreComponentFactory"
29-->[androidx.core:core:1.13.0] AndroidManifest.xml:28:18-86
30        android:debuggable="true"
31        android:extractNativeLibs="false"
32        android:icon="@mipmap/bsp_app_icon"
32-->src\main\AndroidManifest.xml:11:9-44
33        android:label="@string/app_name"
33-->src\main\AndroidManifest.xml:12:9-41
34        android:supportsRtl="true"
34-->src\main\AndroidManifest.xml:13:9-35
35        android:testOnly="true"
36        android:theme="@android:style/Theme.DeviceDefault" >
36-->src\main\AndroidManifest.xml:14:9-59
37        <activity
37-->src\main\AndroidManifest.xml:15:9-24:20
38            android:name="com.busanit.subway_project_watch.presentation.TimerActivity"
38-->src\main\AndroidManifest.xml:16:13-55
39            android:exported="true"
39-->src\main\AndroidManifest.xml:17:13-36
40            android:theme="@android:style/Theme.DeviceDefault.NoActionBar" >
40-->src\main\AndroidManifest.xml:18:13-75
41            <intent-filter>
41-->src\main\AndroidManifest.xml:19:13-23:29
42                <action android:name="android.intent.action.MAIN" />
42-->src\main\AndroidManifest.xml:20:17-69
42-->src\main\AndroidManifest.xml:20:25-66
43
44                <category android:name="android.intent.category.LAUNCHER" />
44-->src\main\AndroidManifest.xml:22:17-77
44-->src\main\AndroidManifest.xml:22:27-74
45            </intent-filter>
46        </activity>
47
48        <service
48-->src\main\AndroidManifest.xml:26:9-41:19
49            android:name="com.busanit.subway_project_watch.complication.MainComplicationService"
49-->src\main\AndroidManifest.xml:27:13-65
50            android:exported="true"
50-->src\main\AndroidManifest.xml:28:13-36
51            android:label="@string/complication_label"
51-->src\main\AndroidManifest.xml:29:13-55
52            android:permission="com.google.android.wearable.permission.BIND_COMPLICATION_PROVIDER" >
52-->src\main\AndroidManifest.xml:30:13-99
53            <intent-filter>
53-->src\main\AndroidManifest.xml:31:13-33:29
54                <action android:name="android.support.wearable.complications.ACTION_COMPLICATION_UPDATE_REQUEST" />
54-->src\main\AndroidManifest.xml:32:17-116
54-->src\main\AndroidManifest.xml:32:25-113
55            </intent-filter>
56
57            <meta-data
57-->src\main\AndroidManifest.xml:35:13-37:46
58                android:name="android.support.wearable.complications.SUPPORTED_TYPES"
58-->src\main\AndroidManifest.xml:36:17-86
59                android:value="SHORT_TEXT" />
59-->src\main\AndroidManifest.xml:37:17-43
60            <meta-data
60-->src\main\AndroidManifest.xml:38:13-40:37
61                android:name="android.support.wearable.complications.UPDATE_PERIOD_SECONDS"
61-->src\main\AndroidManifest.xml:39:17-92
62                android:value="0" />
62-->src\main\AndroidManifest.xml:40:17-34
63        </service>
64        <service
64-->src\main\AndroidManifest.xml:42:9-54:19
65            android:name="com.busanit.subway_project_watch.tile.MainTileService"
65-->src\main\AndroidManifest.xml:43:13-49
66            android:exported="true"
66-->src\main\AndroidManifest.xml:44:13-36
67            android:label="@string/tile_label"
67-->src\main\AndroidManifest.xml:45:13-47
68            android:permission="com.google.android.wearable.permission.BIND_TILE_PROVIDER" >
68-->src\main\AndroidManifest.xml:46:13-91
69            <intent-filter>
69-->src\main\AndroidManifest.xml:47:13-49:29
70                <action android:name="androidx.wear.tiles.action.BIND_TILE_PROVIDER" />
70-->src\main\AndroidManifest.xml:48:17-88
70-->src\main\AndroidManifest.xml:48:25-85
71            </intent-filter>
72
73            <meta-data
73-->src\main\AndroidManifest.xml:51:13-53:61
74                android:name="androidx.wear.tiles.PREVIEW"
74-->src\main\AndroidManifest.xml:52:17-59
75                android:resource="@drawable/tile_preview" />
75-->src\main\AndroidManifest.xml:53:17-58
76        </service>
77        <service
77-->src\main\AndroidManifest.xml:55:9-63:19
78            android:name="com.busanit.subway_project_watch.presentation.DataLayerListenerService"
78-->src\main\AndroidManifest.xml:56:13-66
79            android:exported="true" >
79-->src\main\AndroidManifest.xml:57:13-36
80            <intent-filter>
80-->src\main\AndroidManifest.xml:58:13-62:29
81                <action android:name="com.google.android.gms.wearable.BIND_LISTENER" />
81-->src\main\AndroidManifest.xml:59:17-61:59
81-->src\main\AndroidManifest.xml:60:21-81
82            </intent-filter>
83        </service>
84
85        <uses-library
85-->src\main\AndroidManifest.xml:65:9-67:39
86            android:name="com.google.android.wearable"
86-->src\main\AndroidManifest.xml:66:13-55
87            android:required="true" />
87-->src\main\AndroidManifest.xml:67:13-36
88        <!--
89               Set to true if your app is Standalone, that is, it does not require the handheld
90               app to run.
91        -->
92        <meta-data
92-->src\main\AndroidManifest.xml:72:9-74:36
93            android:name="com.google.android.wearable.standalone"
93-->src\main\AndroidManifest.xml:73:13-66
94            android:value="true" />
94-->src\main\AndroidManifest.xml:74:13-33
95
96        <activity
96-->src\main\AndroidManifest.xml:76:9-86:20
97            android:name="com.busanit.subway_project_watch.presentation.MainActivity"
97-->src\main\AndroidManifest.xml:77:13-54
98            android:exported="true"
98-->src\main\AndroidManifest.xml:78:13-36
99            android:taskAffinity=""
99-->src\main\AndroidManifest.xml:79:13-36
100            android:theme="@style/MainActivityTheme.Starting" >
100-->src\main\AndroidManifest.xml:80:13-62
101            <intent-filter>
101-->src\main\AndroidManifest.xml:19:13-23:29
102                <action android:name="android.intent.action.MAIN" />
102-->src\main\AndroidManifest.xml:20:17-69
102-->src\main\AndroidManifest.xml:20:25-66
103
104                <category android:name="android.intent.category.LAUNCHER" />
104-->src\main\AndroidManifest.xml:22:17-77
104-->src\main\AndroidManifest.xml:22:27-74
105            </intent-filter>
106        </activity>
107        <activity
107-->[androidx.compose.ui:ui-tooling-android:1.5.0] AndroidManifest.xml:23:9-25:39
108            android:name="androidx.compose.ui.tooling.PreviewActivity"
108-->[androidx.compose.ui:ui-tooling-android:1.5.0] AndroidManifest.xml:24:13-71
109            android:exported="true" />
109-->[androidx.compose.ui:ui-tooling-android:1.5.0] AndroidManifest.xml:25:13-36
110        <activity
110-->[androidx.compose.ui:ui-test-manifest:1.5.0] AndroidManifest.xml:23:9-25:39
111            android:name="androidx.activity.ComponentActivity"
111-->[androidx.compose.ui:ui-test-manifest:1.5.0] AndroidManifest.xml:24:13-63
112            android:exported="true" />
112-->[androidx.compose.ui:ui-test-manifest:1.5.0] AndroidManifest.xml:25:13-36
113        <activity
113-->[com.google.android.gms:play-services-base:18.5.0] AndroidManifest.xml:5:9-173
114            android:name="com.google.android.gms.common.api.GoogleApiActivity"
114-->[com.google.android.gms:play-services-base:18.5.0] AndroidManifest.xml:5:19-85
115            android:exported="false"
115-->[com.google.android.gms:play-services-base:18.5.0] AndroidManifest.xml:5:146-170
116            android:theme="@android:style/Theme.Translucent.NoTitleBar" />
116-->[com.google.android.gms:play-services-base:18.5.0] AndroidManifest.xml:5:86-145
117
118        <meta-data
118-->[com.google.android.gms:play-services-basement:18.4.0] AndroidManifest.xml:6:9-122
119            android:name="com.google.android.gms.version"
119-->[com.google.android.gms:play-services-basement:18.4.0] AndroidManifest.xml:6:20-65
120            android:value="@integer/google_play_services_version" />
120-->[com.google.android.gms:play-services-basement:18.4.0] AndroidManifest.xml:6:66-119
121
122        <provider
122-->[androidx.emoji2:emoji2:1.4.0] AndroidManifest.xml:24:9-32:20
123            android:name="androidx.startup.InitializationProvider"
123-->[androidx.emoji2:emoji2:1.4.0] AndroidManifest.xml:25:13-67
124            android:authorities="com.busanit.subway_project_watch.androidx-startup"
124-->[androidx.emoji2:emoji2:1.4.0] AndroidManifest.xml:26:13-68
125            android:exported="false" >
125-->[androidx.emoji2:emoji2:1.4.0] AndroidManifest.xml:27:13-37
126            <meta-data
126-->[androidx.emoji2:emoji2:1.4.0] AndroidManifest.xml:29:13-31:52
127                android:name="androidx.emoji2.text.EmojiCompatInitializer"
127-->[androidx.emoji2:emoji2:1.4.0] AndroidManifest.xml:30:17-75
128                android:value="androidx.startup" />
128-->[androidx.emoji2:emoji2:1.4.0] AndroidManifest.xml:31:17-49
129            <meta-data
129-->[androidx.lifecycle:lifecycle-process:2.6.2] AndroidManifest.xml:29:13-31:52
130                android:name="androidx.lifecycle.ProcessLifecycleInitializer"
130-->[androidx.lifecycle:lifecycle-process:2.6.2] AndroidManifest.xml:30:17-78
131                android:value="androidx.startup" />
131-->[androidx.lifecycle:lifecycle-process:2.6.2] AndroidManifest.xml:31:17-49
132            <meta-data
132-->[androidx.profileinstaller:profileinstaller:1.3.1] AndroidManifest.xml:29:13-31:52
133                android:name="androidx.profileinstaller.ProfileInstallerInitializer"
133-->[androidx.profileinstaller:profileinstaller:1.3.1] AndroidManifest.xml:30:17-85
134                android:value="androidx.startup" />
134-->[androidx.profileinstaller:profileinstaller:1.3.1] AndroidManifest.xml:31:17-49
135        </provider>
136
137        <receiver
137-->[androidx.profileinstaller:profileinstaller:1.3.1] AndroidManifest.xml:34:9-52:20
138            android:name="androidx.profileinstaller.ProfileInstallReceiver"
138-->[androidx.profileinstaller:profileinstaller:1.3.1] AndroidManifest.xml:35:13-76
139            android:directBootAware="false"
139-->[androidx.profileinstaller:profileinstaller:1.3.1] AndroidManifest.xml:36:13-44
140            android:enabled="true"
140-->[androidx.profileinstaller:profileinstaller:1.3.1] AndroidManifest.xml:37:13-35
141            android:exported="true"
141-->[androidx.profileinstaller:profileinstaller:1.3.1] AndroidManifest.xml:38:13-36
142            android:permission="android.permission.DUMP" >
142-->[androidx.profileinstaller:profileinstaller:1.3.1] AndroidManifest.xml:39:13-57
143            <intent-filter>
143-->[androidx.profileinstaller:profileinstaller:1.3.1] AndroidManifest.xml:40:13-42:29
144                <action android:name="androidx.profileinstaller.action.INSTALL_PROFILE" />
144-->[androidx.profileinstaller:profileinstaller:1.3.1] AndroidManifest.xml:41:17-91
144-->[androidx.profileinstaller:profileinstaller:1.3.1] AndroidManifest.xml:41:25-88
145            </intent-filter>
146            <intent-filter>
146-->[androidx.profileinstaller:profileinstaller:1.3.1] AndroidManifest.xml:43:13-45:29
147                <action android:name="androidx.profileinstaller.action.SKIP_FILE" />
147-->[androidx.profileinstaller:profileinstaller:1.3.1] AndroidManifest.xml:44:17-85
147-->[androidx.profileinstaller:profileinstaller:1.3.1] AndroidManifest.xml:44:25-82
148            </intent-filter>
149            <intent-filter>
149-->[androidx.profileinstaller:profileinstaller:1.3.1] AndroidManifest.xml:46:13-48:29
150                <action android:name="androidx.profileinstaller.action.SAVE_PROFILE" />
150-->[androidx.profileinstaller:profileinstaller:1.3.1] AndroidManifest.xml:47:17-88
150-->[androidx.profileinstaller:profileinstaller:1.3.1] AndroidManifest.xml:47:25-85
151            </intent-filter>
152            <intent-filter>
152-->[androidx.profileinstaller:profileinstaller:1.3.1] AndroidManifest.xml:49:13-51:29
153                <action android:name="androidx.profileinstaller.action.BENCHMARK_OPERATION" />
153-->[androidx.profileinstaller:profileinstaller:1.3.1] AndroidManifest.xml:50:17-95
153-->[androidx.profileinstaller:profileinstaller:1.3.1] AndroidManifest.xml:50:25-92
154            </intent-filter>
155        </receiver>
156    </application>
157
158</manifest>